<?xml version="1.0" encoding="UTF-8"?>
<!-- Generated by org.testng.reporters.JUnitXMLReporter -->
<testsuite ignored="0" hostname="DESKTOP-B7V6ES1" failures="0" tests="13" name="DBJobSearchTest" time="36.506" errors="0" timestamp="2023-09-03T17:45:49 IST">
  <testcase classname="com.db.testRunner.RegressionRunner" name="@AfterMethod QuitBrowser" time="-1.69374334874E9">
    <failure type="org.testng.TestNGException" message="
Can inject only one of &amp;lt;ITestContext, XmlTest, Method, Object[], ITestResult&amp;gt; into a @AfterMethod annotated QuitBrowser.
For more information on native dependency injection please refer to https://testng.org/doc/documentation-main.html#native-dependency-injection">
      <![CDATA[org.testng.TestNGException: 
Can inject only one of <ITestContext, XmlTest, Method, Object[], ITestResult> into a @AfterMethod annotated QuitBrowser.
For more information on native dependency injection please refer to https://testng.org/doc/documentation-main.html#native-dependency-injection
at java.base/java.util.ArrayList.forEach(ArrayList.java:1511)
... Removed 29 stack frames]]>
    </failure>
  </testcase> <!-- @AfterMethod QuitBrowser -->
  <testcase classname="com.db.testRunner.RegressionRunner" name="@AfterMethod QuitBrowser" time="-1.693743348767E9">
    <skipped/>
  </testcase> <!-- @AfterMethod QuitBrowser -->
  <testcase classname="com.db.testRunner.RegressionRunner" name="@AfterMethod QuitBrowser" time="-1.693743348782E9">
    <skipped/>
  </testcase> <!-- @AfterMethod QuitBrowser -->
  <testcase classname="com.db.testRunner.RegressionRunner" name="@AfterMethod QuitBrowser" time="-1.69374334881E9">
    <skipped/>
  </testcase> <!-- @AfterMethod QuitBrowser -->
  <testcase classname="com.db.testRunner.RegressionRunner" name="@AfterMethod QuitBrowser" time="-1.693743348851E9">
    <skipped/>
  </testcase> <!-- @AfterMethod QuitBrowser -->
  <testcase classname="com.db.testRunner.RegressionRunner" name="@AfterMethod QuitBrowser" time="-1.693743348952E9">
    <skipped/>
  </testcase> <!-- @AfterMethod QuitBrowser -->
  <testcase classname="com.db.testRunner.RegressionRunner" name="@AfterMethod QuitBrowser" time="-1.693743348993E9">
    <skipped/>
  </testcase> <!-- @AfterMethod QuitBrowser -->
  <testcase classname="com.db.testRunner.RegressionRunner" name="@AfterMethod QuitBrowser" time="-1.693743349074E9">
    <skipped/>
  </testcase> <!-- @AfterMethod QuitBrowser -->
  <testcase classname="com.db.testRunner.RegressionRunner" name="@AfterMethod QuitBrowser" time="-1.693743349114E9">
    <skipped/>
  </testcase> <!-- @AfterMethod QuitBrowser -->
  <testcase classname="com.db.testRunner.RegressionRunner" name="@AfterMethod QuitBrowser" time="-1.693743349151E9">
    <skipped/>
  </testcase> <!-- @AfterMethod QuitBrowser -->
  <testcase classname="com.db.testRunner.RegressionRunner" name="@AfterMethod QuitBrowser" time="-1.6937433492E9">
    <skipped/>
  </testcase> <!-- @AfterMethod QuitBrowser -->
  <testcase classname="com.db.testRunner.RegressionRunner" name="@AfterMethod QuitBrowser" time="-1.693743349236E9">
    <skipped/>
  </testcase> <!-- @AfterMethod QuitBrowser -->
  <testcase classname="com.db.testRunner.RegressionRunner" name="@AfterMethod QuitBrowser" time="-1.693743349253E9">
    <skipped/>
  </testcase> <!-- @AfterMethod QuitBrowser -->
  <testcase classname="io.cucumber.testng.AbstractTestNGCucumberTests" name="runScenario" time="33.48"/>
  <testcase classname="io.cucumber.testng.AbstractTestNGCucumberTests" name="runScenario" time="0.0">
    <skipped/>
  </testcase> <!-- runScenario -->
  <testcase classname="io.cucumber.testng.AbstractTestNGCucumberTests" name="runScenario" time="0.0">
    <skipped/>
  </testcase> <!-- runScenario -->
  <testcase classname="io.cucumber.testng.AbstractTestNGCucumberTests" name="runScenario" time="0.0">
    <skipped/>
  </testcase> <!-- runScenario -->
  <testcase classname="io.cucumber.testng.AbstractTestNGCucumberTests" name="runScenario" time="0.0">
    <skipped/>
  </testcase> <!-- runScenario -->
  <testcase classname="io.cucumber.testng.AbstractTestNGCucumberTests" name="runScenario" time="0.0">
    <skipped/>
  </testcase> <!-- runScenario -->
  <testcase classname="io.cucumber.testng.AbstractTestNGCucumberTests" name="runScenario" time="0.0">
    <skipped/>
  </testcase> <!-- runScenario -->
  <testcase classname="io.cucumber.testng.AbstractTestNGCucumberTests" name="runScenario" time="0.0">
    <skipped/>
  </testcase> <!-- runScenario -->
  <testcase classname="io.cucumber.testng.AbstractTestNGCucumberTests" name="runScenario" time="0.0">
    <skipped/>
  </testcase> <!-- runScenario -->
  <testcase classname="io.cucumber.testng.AbstractTestNGCucumberTests" name="runScenario" time="0.0">
    <skipped/>
  </testcase> <!-- runScenario -->
  <testcase classname="io.cucumber.testng.AbstractTestNGCucumberTests" name="runScenario" time="0.0">
    <skipped/>
  </testcase> <!-- runScenario -->
  <testcase classname="io.cucumber.testng.AbstractTestNGCucumberTests" name="runScenario" time="0.0">
    <skipped/>
  </testcase> <!-- runScenario -->
  <testcase classname="io.cucumber.testng.AbstractTestNGCucumberTests" name="runScenario" time="0.0">
    <skipped/>
  </testcase> <!-- runScenario -->
</testsuite> <!-- DBJobSearchTest -->
