<?xml version="1.0" encoding="UTF-8"?>
<!-- Generated by org.testng.reporters.JUnitXMLReporter -->
<testsuite ignored="0" hostname="DESKTOP-B7V6ES1" failures="0" tests="2" name="DBJobSearchTestFilters" time="43.562" errors="0" timestamp="2023-09-03T16:37:29 IST">
  <testcase classname="io.cucumber.testng.AbstractTestNGCucumberTests" name="runScenario" time="22.228"/>
  <testcase classname="io.cucumber.testng.AbstractTestNGCucumberTests" name="runScenario" time="19.085"/>
</testsuite> <!-- DBJobSearchTestFilters -->
