<?xml version="1.0" encoding="UTF-8"?>
<!-- Generated by org.testng.reporters.JUnitReportReporter -->
<testsuite hostname="DESKTOP-B7V6ES1" failures="1" tests="4" name="com.db.testRunner.SanityRunner" time="268.202" errors="0" timestamp="2023-09-03T17:12:46 IST" skipped="0">
  <testcase classname="com.db.testRunner.SanityRunner" name="runScenario" time="21.524"/>
  <system-out/>
  <testcase classname="com.db.testRunner.SanityRunner" name="runScenario" time="141.626">
    <failure message="[City does not match] expected:&lt;[tru]e&gt; but was:&lt;[fals]e&gt;" type="org.junit.ComparisonFailure">
      <![CDATA[org.junit.ComparisonFailure: [City does not match] expected:<[tru]e> but was:<[fals]e>
at java.base/jdk.internal.reflect.NativeConstructorAccessorImpl.newInstance0(Native Method)
at java.base/jdk.internal.reflect.NativeConstructorAccessorImpl.newInstance(NativeConstructorAccessorImpl.java:77)
at java.base/jdk.internal.reflect.DelegatingConstructorAccessorImpl.newInstance(DelegatingConstructorAccessorImpl.java:45)
at java.base/java.lang.reflect.Constructor.newInstanceWithCaller(Constructor.java:499)
at com.db.stepdefinitions.DBCareerDefinitions.verify_job_search_results_page_is_displayed_with_right_jobs_that_user_has_searched(DBCareerDefinitions.java:321)
at ✽.Verify job search results page shows jobs from user has searched(file:///C:/Users/HP/eclipse-workspace/DBCareers_Project/src/test/resources/features/jobSearchFilters.feature:26)
]]>
    </failure>
  </testcase> <!-- runScenario -->
  <system-out/>
  <testcase classname="com.db.testRunner.SanityRunner" name="runScenario" time="87.079"/>
  <system-out/>
  <testcase classname="com.db.testRunner.SanityRunner" name="runScenario" time="17.973"/>
  <system-out/>
</testsuite> <!-- com.db.testRunner.SanityRunner -->
