<?xml version="1.0" encoding="UTF-8"?>
<!-- Generated by org.testng.reporters.JUnitReportReporter -->
<testsuite hostname="DESKTOP-B7V6ES1" failures="1" tests="4" name="com.db.testRunner.Runner" time="142.636" errors="0" timestamp="2023-09-03T16:09:53 IST" skipped="0">
  <testcase classname="com.db.testRunner.Runner" name="runScenario" time="40.750"/>
  <system-out/>
  <testcase classname="com.db.testRunner.Runner" name="runScenario" time="28.620"/>
  <system-out/>
  <testcase classname="com.db.testRunner.Runner" name="runScenario" time="62.133">
    <failure message="expected:&lt;[0]&gt; but was:&lt;[1]&gt;" type="org.junit.ComparisonFailure">
      <![CDATA[org.junit.ComparisonFailure: expected:<[0]> but was:<[1]>
at java.base/jdk.internal.reflect.NativeConstructorAccessorImpl.newInstance0(Native Method)
at java.base/jdk.internal.reflect.NativeConstructorAccessorImpl.newInstance(NativeConstructorAccessorImpl.java:77)
at java.base/jdk.internal.reflect.DelegatingConstructorAccessorImpl.newInstance(DelegatingConstructorAccessorImpl.java:45)
at java.base/java.lang.reflect.Constructor.newInstanceWithCaller(Constructor.java:499)
at com.db.stepdefinitions.DBCareerDefinitions.there_should_be_no_broken_links_on_the_page(DBCareerDefinitions.java:213)
at ✽.There should be no broken links on the page(file:///C:/Users/HP/eclipse-workspace/DBCareers_Project/src/test/resources/features/JobSearch.feature:31)
]]>
    </failure>
  </testcase> <!-- runScenario -->
  <system-out/>
  <testcase classname="com.db.testRunner.Runner" name="runScenario" time="11.133"/>
  <system-out/>
</testsuite> <!-- com.db.testRunner.Runner -->
